--- Copying files at Sat Jul  1 06:28:00 UTC 2023
--- Copying files at Sat Jul  1 06:51:05 UTC 2023
--- Copying files at Thu Jul  6 11:00:57 UTC 2023
--- Copying files at Thu Jul  6 12:43:22 UTC 2023
--- Copying files at Mon Jul 31 17:18:04 UTC 2023
--- Copying files at Tue Aug  1 16:43:09 UTC 2023
--- Copying files at Tue Aug  1 16:58:20 UTC 2023
--- Copying files at Wed Aug  9 18:00:31 UTC 2023
--- Copying files at Wed Aug  9 18:13:05 UTC 2023
--- Copying files at Wed Aug  9 18:23:56 UTC 2023
--- Copying files at Wed Aug 16 19:01:55 UTC 2023
--- Copying files at Wed Aug 16 19:32:35 UTC 2023
--- Copying files at Fri Aug 18 20:11:57 UTC 2023
--- Copying files at Fri Aug 18 20:52:31 UTC 2023
--- Copying files at Fri Aug 18 21:00:18 UTC 2023
--- Copying files at Fri Aug 18 21:08:51 UTC 2023
--- Copying files at Fri Aug 18 21:11:10 UTC 2023
--- Copying files at Fri Aug 18 21:15:13 UTC 2023
--- Copying files at Fri Aug 18 21:21:51 UTC 2023
--- Copying files at Fri Aug 18 21:25:51 UTC 2023
--- Copying files at Fri Aug 18 21:27:23 UTC 2023
--- Copying files at Fri Aug 18 21:49:35 UTC 2023
