Started at Thu Aug 17 20:52:20 UTC 2023
Processing k8s
Offering k8s to Project Build Discarder
Processing SonarQube-jenkins
Offering SonarQube-jenkins to Project Build Discarder
Finished at Thu Aug 17 20:52:20 UTC 2023. 16ms
Started at Thu Aug 17 21:52:20 UTC 2023
Processing k8s
Offering k8s to Project Build Discarder
Processing SonarQube-jenkins
Offering SonarQube-jenkins to Project Build Discarder
Finished at Thu Aug 17 21:52:20 UTC 2023. 40ms
Started at Thu Aug 17 22:52:20 UTC 2023
Processing k8s
Offering k8s to Project Build Discarder
Processing SonarQube-jenkins
Offering SonarQube-jenkins to Project Build Discarder
Finished at Thu Aug 17 22:52:20 UTC 2023. 35ms
Started at Thu Aug 17 23:52:20 UTC 2023
Processing k8s
Offering k8s to Project Build Discarder
Processing SonarQube-jenkins
Offering SonarQube-jenkins to Project Build Discarder
Finished at Thu Aug 17 23:52:20 UTC 2023. 39ms
Started at Fri Aug 18 00:52:20 UTC 2023
Processing k8s
Offering k8s to Project Build Discarder
Processing SonarQube-jenkins
Offering SonarQube-jenkins to Project Build Discarder
Finished at Fri Aug 18 00:52:20 UTC 2023. 25ms
Started at Fri Aug 18 01:52:20 UTC 2023
Processing k8s
Offering k8s to Project Build Discarder
Processing SonarQube-jenkins
Offering SonarQube-jenkins to Project Build Discarder
Finished at Fri Aug 18 01:52:20 UTC 2023. 11ms
Started at Fri Aug 18 02:52:20 UTC 2023
Processing k8s
Offering k8s to Project Build Discarder
Processing SonarQube-jenkins
Offering SonarQube-jenkins to Project Build Discarder
Finished at Fri Aug 18 02:52:20 UTC 2023. 34ms
Started at Fri Aug 18 03:52:21 UTC 2023
Processing k8s
Offering k8s to Project Build Discarder
Processing SonarQube-jenkins
Offering SonarQube-jenkins to Project Build Discarder
Finished at Fri Aug 18 03:52:21 UTC 2023. 217ms
Started at Fri Aug 18 04:52:20 UTC 2023
Processing k8s
Offering k8s to Project Build Discarder
Processing SonarQube-jenkins
Offering SonarQube-jenkins to Project Build Discarder
Finished at Fri Aug 18 04:52:20 UTC 2023. 50ms
Started at Fri Aug 18 05:52:20 UTC 2023
Processing k8s
Offering k8s to Project Build Discarder
Processing SonarQube-jenkins
Offering SonarQube-jenkins to Project Build Discarder
Finished at Fri Aug 18 05:52:21 UTC 2023. 232ms
Started at Fri Aug 18 06:52:21 UTC 2023
Processing k8s
Offering k8s to Project Build Discarder
Processing SonarQube-jenkins
Offering SonarQube-jenkins to Project Build Discarder
Finished at Fri Aug 18 06:52:21 UTC 2023. 288ms
Started at Fri Aug 18 07:52:21 UTC 2023
Processing k8s
Offering k8s to Project Build Discarder
Processing SonarQube-jenkins
Offering SonarQube-jenkins to Project Build Discarder
Finished at Fri Aug 18 07:52:21 UTC 2023. 598ms
Started at Fri Aug 18 08:52:21 UTC 2023
Processing k8s
Offering k8s to Project Build Discarder
Processing SonarQube-jenkins
Offering SonarQube-jenkins to Project Build Discarder
Finished at Fri Aug 18 08:52:21 UTC 2023. 80ms
Started at Fri Aug 18 09:52:21 UTC 2023
Processing k8s
Offering k8s to Project Build Discarder
Processing SonarQube-jenkins
Offering SonarQube-jenkins to Project Build Discarder
Finished at Fri Aug 18 09:52:22 UTC 2023. 1072ms
Started at Fri Aug 18 10:52:21 UTC 2023
Processing k8s
Offering k8s to Project Build Discarder
Processing SonarQube-jenkins
Offering SonarQube-jenkins to Project Build Discarder
Finished at Fri Aug 18 10:52:21 UTC 2023. 507ms
Started at Fri Aug 18 11:52:21 UTC 2023
Processing k8s
Offering k8s to Project Build Discarder
Processing SonarQube-jenkins
Offering SonarQube-jenkins to Project Build Discarder
Finished at Fri Aug 18 11:52:21 UTC 2023. 214ms
Started at Fri Aug 18 12:52:21 UTC 2023
Processing k8s
Offering k8s to Project Build Discarder
Processing SonarQube-jenkins
Offering SonarQube-jenkins to Project Build Discarder
Finished at Fri Aug 18 12:52:21 UTC 2023. 275ms
Started at Fri Aug 18 13:52:21 UTC 2023
Processing k8s
Offering k8s to Project Build Discarder
Processing SonarQube-jenkins
Offering SonarQube-jenkins to Project Build Discarder
Finished at Fri Aug 18 13:52:21 UTC 2023. 532ms
Started at Fri Aug 18 14:52:21 UTC 2023
Processing k8s
Offering k8s to Project Build Discarder
Processing SonarQube-jenkins
Offering SonarQube-jenkins to Project Build Discarder
Finished at Fri Aug 18 14:52:21 UTC 2023. 242ms
Started at Fri Aug 18 15:53:05 UTC 2023
Processing k8s
Offering k8s to Project Build Discarder
Processing SonarQube-jenkins
Offering SonarQube-jenkins to Project Build Discarder
Finished at Fri Aug 18 15:54:33 UTC 2023. 88080ms
